<?xml version="1.0" encoding="UTF-8"?>
<!-- Generated by org.testng.reporters.JUnitReportReporter -->
<testsuite hostname="LAPTOP-PI6QVRRF" failures="0" tests="1" name="com.vtiger.testScript.CreateCampaignTest" time="10.855" errors="0" timestamp="2020-02-01T08:12:10 IST" skipped="0">
  <testcase classname="com.vtiger.testScript.CreateCampaignTest" name="campaignGenerationTest" time="10.855"/>
</testsuite> <!-- com.vtiger.testScript.CreateCampaignTest -->
